{"/Users/rpeterson/Projects/ICAN-Institute/icanInstituteMobileApp/App.tsx": {"path":"/Users/rpeterson/Projects/ICAN-Institute/icanInstituteMobileApp/App.tsx","statementMap":{"0":{"start":{"line":31,"column":12},"end":{"line":76,"column":1}},"1":{"start":{"line":32,"column":2},"end":{"line":75,"column":4}},"2":{"start":{"line":78,"column":15},"end":{"line":115,"column":2}}},"fnMap":{"0":{"name":"(anonymous_0)","decl":{"start":{"line":31,"column":12},"end":{"line":31,"column":13}},"loc":{"start":{"line":31,"column":18},"end":{"line":76,"column":1}},"line":31}},"branchMap":{"0":{"loc":{"start":{"line":40,"column":11},"end":{"line":44,"column":11}},"type":"cond-expr","locations":[{"start":{"line":40,"column":43},"end":{"line":40,"column":47}},{"start":{"line":41,"column":12},"end":{"line":43,"column":19}}],"line":40}},"s":{"0":1,"1":1,"2":1},"f":{"0":1},"b":{"0":[1,0]},"_coverageSchema":"43e27e138ebf9cfc5966b082cf9a028302ed4184","hash":"79ba7e92d2cff8a3804da7aea111952cdf87ce7b"}
}
